<?xml version="1.0" encoding="UTF-8"?>
<!-- Generated by org.testng.reporters.JUnitReportReporter -->
<testsuite hostname="DESKTOP-CF0FQ45" failures="0" tests="1" name="selenium3.JavaStreams" time="0.009" errors="0" timestamp="2021-04-11T12:35:17 WIB" skipped="0">
  <testcase classname="selenium3.JavaStreams" name="streamCollect" time="0.009"/>
  <system-out/>
</testsuite> <!-- selenium3.JavaStreams -->
